20:23:27 **** Incremental Build of configuration Debug for project Challenge ****
make all 
Building file: ../Challenge.c
Invoking: AVR Compiler
avr-gcc -Wall -g2 -gstabs -O0 -fpack-struct -fshort-enums -ffunction-sections -fdata-sections -std=gnu99 -funsigned-char -funsigned-bitfields -mmcu=atmega16 -DF_CPU=1000000UL -MMD -MP -MF"Challenge.d" -MT"Challenge.d" -c -o "Challenge.o" "../Challenge.c"
In file included from ../micro_config.h:22,
                 from ../lcd.h:18,
                 from ../Challenge.c:8:
c:/winavr-20100110/lib/gcc/../../avr/include/util/delay.h:90:3: warning: #warning "Compiler optimizations disabled; functions from <util/delay.h> won't work as designed"
Finished building: ../Challenge.c
 
Building file: ../keypad.c
Invoking: AVR Compiler
avr-gcc -Wall -g2 -gstabs -O0 -fpack-struct -fshort-enums -ffunction-sections -fdata-sections -std=gnu99 -funsigned-char -funsigned-bitfields -mmcu=atmega16 -DF_CPU=1000000UL -MMD -MP -MF"keypad.d" -MT"keypad.d" -c -o "keypad.o" "../keypad.c"
In file included from ../micro_config.h:22,
                 from ../keypad.h:17,
                 from ../keypad.c:13:
c:/winavr-20100110/lib/gcc/../../avr/include/util/delay.h:90:3: warning: #warning "Compiler optimizations disabled; functions from <util/delay.h> won't work as designed"
Finished building: ../keypad.c
 
Building file: ../lcd.c
Invoking: AVR Compiler
avr-gcc -Wall -g2 -gstabs -O0 -fpack-struct -fshort-enums -ffunction-sections -fdata-sections -std=gnu99 -funsigned-char -funsigned-bitfields -mmcu=atmega16 -DF_CPU=1000000UL -MMD -MP -MF"lcd.d" -MT"lcd.d" -c -o "lcd.o" "../lcd.c"
In file included from ../micro_config.h:22,
                 from ../lcd.h:18,
                 from ../lcd.c:13:
c:/winavr-20100110/lib/gcc/../../avr/include/util/delay.h:90:3: warning: #warning "Compiler optimizations disabled; functions from <util/delay.h> won't work as designed"
../lcd.c: In function 'LCD_intgerToString':
../lcd.c:168: warning: implicit declaration of function 'itoa'
Finished building: ../lcd.c
 
Building target: Challenge.elf
Invoking: AVR C Linker
avr-gcc -Wl,-Map,Challenge.map -mmcu=atmega16 -o "Challenge.elf"  ./Challenge.o ./keypad.o ./lcd.o   
Finished building target: Challenge.elf
 
Invoking: AVR Create Extended Listing
avr-objdump -h -S Challenge.elf  >"Challenge.lss"
Finished building: Challenge.lss
 
Invoking: Print Size
avr-size --format=avr --mcu=atmega16 Challenge.elf
AVR Memory Usage
----------------
Device: atmega16

Program:    8368 bytes (51.1% Full)
(.text + .data + .bootloader)

Data:         34 bytes (3.3% Full)
(.data + .bss + .noinit)


Finished building: sizedummy
 
20:24:10 **** Incremental Build of configuration Debug for project Challenge ****
make all 
Building file: ../Challenge.c
Invoking: AVR Compiler
avr-gcc -Wall -g2 -gstabs -O0 -fpack-struct -fshort-enums -ffunction-sections -fdata-sections -std=gnu99 -funsigned-char -funsigned-bitfields -mmcu=atmega16 -DF_CPU=1000000UL -MMD -MP -MF"Challenge.d" -MT"Challenge.d" -c -o "Challenge.o" "../Challenge.c"
In file included from ../micro_config.h:22,
                 from ../lcd.h:18,
                 from ../Challenge.c:8:
c:/winavr-20100110/lib/gcc/../../avr/include/util/delay.h:90:3: warning: #warning "Compiler optimizations disabled; functions from <util/delay.h> won't work as designed"
Finished building: ../Challenge.c
 
Building target: Challenge.elf
Invoking: AVR C Linker
avr-gcc -Wl,-Map,Challenge.map -mmcu=atmega16 -o "Challenge.elf"  ./Challenge.o ./keypad.o ./lcd.o   
Finished building target: Challenge.elf
 
Invoking: AVR Create Extended Listing
avr-objdump -h -S Challenge.elf  >"Challenge.lss"
Finished building: Challenge.lss
 
Invoking: Print Size
avr-size --format=avr --mcu=atmega16 Challenge.elf
AVR Memory Usage
----------------
Device: atmega16

Program:    8606 bytes (52.5% Full)
(.text + .data + .bootloader)

Data:         34 bytes (3.3% Full)
(.data + .bss + .noinit)


Finished building: sizedummy
 
20:24:11 **** Incremental Build of configuration Debug for project Exercise1 ****
make all 
Building file: ../Exercise1.c
Invoking: AVR Compiler
avr-gcc -Wall -g2 -gstabs -O0 -fpack-struct -fshort-enums -ffunction-sections -fdata-sections -std=gnu99 -funsigned-char -funsigned-bitfields -mmcu=atmega16 -DF_CPU=1000000UL -MMD -MP -MF"Exercise1.d" -MT"Exercise1.d" -c -o "Exercise1.o" "../Exercise1.c"
In file included from ../micro_config.h:22,
                 from ../keypad.h:17,
                 from ../Exercise1.c:8:
c:/winavr-20100110/lib/gcc/../../avr/include/util/delay.h:90:3: warning: #warning "Compiler optimizations disabled; functions from <util/delay.h> won't work as designed"
Finished building: ../Exercise1.c
 
Building file: ../keypad.c
Invoking: AVR Compiler
avr-gcc -Wall -g2 -gstabs -O0 -fpack-struct -fshort-enums -ffunction-sections -fdata-sections -std=gnu99 -funsigned-char -funsigned-bitfields -mmcu=atmega16 -DF_CPU=1000000UL -MMD -MP -MF"keypad.d" -MT"keypad.d" -c -o "keypad.o" "../keypad.c"
In file included from ../micro_config.h:22,
                 from ../keypad.h:17,
                 from ../keypad.c:13:
c:/winavr-20100110/lib/gcc/../../avr/include/util/delay.h:90:3: warning: #warning "Compiler optimizations disabled; functions from <util/delay.h> won't work as designed"
Finished building: ../keypad.c
 
Building target: Exercise1.elf
Invoking: AVR C Linker
avr-gcc -Wl,-Map,Exercise1.map -mmcu=atmega16 -o "Exercise1.elf"  ./Exercise1.o ./keypad.o   
Finished building target: Exercise1.elf
 
Invoking: AVR Create Extended Listing
avr-objdump -h -S Exercise1.elf  >"Exercise1.lss"
Finished building: Exercise1.lss
 
Invoking: Print Size
avr-size --format=avr --mcu=atmega16 Exercise1.elf
AVR Memory Usage
----------------
Device: atmega16

Program:     680 bytes (4.2% Full)
(.text + .data + .bootloader)

Data:          0 bytes (0.0% Full)
(.data + .bss + .noinit)


Finished building: sizedummy
 
20:24:12 **** Incremental Build of configuration Debug for project Exercise2 ****
make all 
Building file: ../Exercise2.c
Invoking: AVR Compiler
avr-gcc -Wall -g2 -gstabs -O0 -fpack-struct -fshort-enums -ffunction-sections -fdata-sections -std=gnu99 -funsigned-char -funsigned-bitfields -mmcu=atmega16 -DF_CPU=1000000UL -MMD -MP -MF"Exercise2.d" -MT"Exercise2.d" -c -o "Exercise2.o" "../Exercise2.c"
In file included from ../micro_config.h:22,
                 from ../lcd.h:18,
                 from ../Exercise2.c:8:
c:/winavr-20100110/lib/gcc/../../avr/include/util/delay.h:90:3: warning: #warning "Compiler optimizations disabled; functions from <util/delay.h> won't work as designed"
Finished building: ../Exercise2.c
 
Building file: ../lcd.c
Invoking: AVR Compiler
avr-gcc -Wall -g2 -gstabs -O0 -fpack-struct -fshort-enums -ffunction-sections -fdata-sections -std=gnu99 -funsigned-char -funsigned-bitfields -mmcu=atmega16 -DF_CPU=1000000UL -MMD -MP -MF"lcd.d" -MT"lcd.d" -c -o "lcd.o" "../lcd.c"
In file included from ../micro_config.h:22,
                 from ../lcd.h:18,
                 from ../lcd.c:13:
c:/winavr-20100110/lib/gcc/../../avr/include/util/delay.h:90:3: warning: #warning "Compiler optimizations disabled; functions from <util/delay.h> won't work as designed"
../lcd.c: In function 'LCD_intgerToString':
../lcd.c:107: warning: implicit declaration of function 'itoa'
Finished building: ../lcd.c
 
Building target: Exercise2.elf
Invoking: AVR C Linker
avr-gcc -Wl,-Map,Exercise2.map -mmcu=atmega16 -o "Exercise2.elf"  ./Exercise2.o ./lcd.o   
Finished building target: Exercise2.elf
 
Invoking: AVR Create Extended Listing
avr-objdump -h -S Exercise2.elf  >"Exercise2.lss"
Finished building: Exercise2.lss
 
Invoking: Print Size
avr-size --format=avr --mcu=atmega16 Exercise2.elf
AVR Memory Usage
----------------
Device: atmega16

Program:    5934 bytes (36.2% Full)
(.text + .data + .bootloader)

Data:         56 bytes (5.5% Full)
(.data + .bss + .noinit)


Finished building: sizedummy
 
20:24:13 **** Incremental Build of configuration Debug for project Exercise3 ****
make all 
Invoking: Print Size
avr-size --format=avr --mcu=atmega16 Exercise3.elf
AVR Memory Usage
----------------
Device: atmega16

Program:    7830 bytes (47.8% Full)
(.text + .data + .bootloader)

Data:         40 bytes (3.9% Full)
(.data + .bss + .noinit)


Finished building: sizedummy
 
15:40:45 **** Build of configuration Debug for project Challenge ****
make all 
Building file: ../Challenge.c
Invoking: AVR Compiler
avr-gcc -Wall -g2 -gstabs -O0 -fpack-struct -fshort-enums -ffunction-sections -fdata-sections -std=gnu99 -funsigned-char -funsigned-bitfields -mmcu=atmega16 -DF_CPU=1000000UL -MMD -MP -MF"Challenge.d" -MT"Challenge.d" -c -o "Challenge.o" "../Challenge.c"
In file included from ../micro_config.h:22,
                 from ../lcd.h:18,
                 from ../Challenge.c:8:
c:/winavr-20100110/lib/gcc/../../avr/include/util/delay.h:90:3: warning: #warning "Compiler optimizations disabled; functions from <util/delay.h> won't work as designed"
Finished building: ../Challenge.c
 
Building file: ../keypad.c
Invoking: AVR Compiler
avr-gcc -Wall -g2 -gstabs -O0 -fpack-struct -fshort-enums -ffunction-sections -fdata-sections -std=gnu99 -funsigned-char -funsigned-bitfields -mmcu=atmega16 -DF_CPU=1000000UL -MMD -MP -MF"keypad.d" -MT"keypad.d" -c -o "keypad.o" "../keypad.c"
In file included from ../micro_config.h:22,
                 from ../keypad.h:17,
                 from ../keypad.c:13:
c:/winavr-20100110/lib/gcc/../../avr/include/util/delay.h:90:3: warning: #warning "Compiler optimizations disabled; functions from <util/delay.h> won't work as designed"
Finished building: ../keypad.c
 
Building file: ../lcd.c
Invoking: AVR Compiler
avr-gcc -Wall -g2 -gstabs -O0 -fpack-struct -fshort-enums -ffunction-sections -fdata-sections -std=gnu99 -funsigned-char -funsigned-bitfields -mmcu=atmega16 -DF_CPU=1000000UL -MMD -MP -MF"lcd.d" -MT"lcd.d" -c -o "lcd.o" "../lcd.c"
In file included from ../micro_config.h:22,
                 from ../lcd.h:18,
                 from ../lcd.c:13:
c:/winavr-20100110/lib/gcc/../../avr/include/util/delay.h:90:3: warning: #warning "Compiler optimizations disabled; functions from <util/delay.h> won't work as designed"
../lcd.c: In function 'LCD_intgerToString':
../lcd.c:168: warning: implicit declaration of function 'itoa'
Finished building: ../lcd.c
 
Building target: Challenge.elf
Invoking: AVR C Linker
avr-gcc -Wl,-Map,Challenge.map -mmcu=atmega16 -o "Challenge.elf"  ./Challenge.o ./keypad.o ./lcd.o   
Finished building target: Challenge.elf
 
Invoking: AVR Create Extended Listing
avr-objdump -h -S Challenge.elf  >"Challenge.lss"
Finished building: Challenge.lss
 
Invoking: Print Size
avr-size --format=avr --mcu=atmega16 Challenge.elf
AVR Memory Usage
----------------
Device: atmega16

Program:    8606 bytes (52.5% Full)
(.text + .data + .bootloader)

Data:         34 bytes (3.3% Full)
(.data + .bss + .noinit)


Finished building: sizedummy
 
15:40:47 **** Build of configuration Debug for project Exercise1 ****
make all 
Building file: ../Exercise1.c
Invoking: AVR Compiler
avr-gcc -Wall -g2 -gstabs -O0 -fpack-struct -fshort-enums -ffunction-sections -fdata-sections -std=gnu99 -funsigned-char -funsigned-bitfields -mmcu=atmega16 -DF_CPU=1000000UL -MMD -MP -MF"Exercise1.d" -MT"Exercise1.d" -c -o "Exercise1.o" "../Exercise1.c"
In file included from ../micro_config.h:22,
                 from ../keypad.h:17,
                 from ../Exercise1.c:8:
c:/winavr-20100110/lib/gcc/../../avr/include/util/delay.h:90:3: warning: #warning "Compiler optimizations disabled; functions from <util/delay.h> won't work as designed"
Finished building: ../Exercise1.c
 
Building file: ../keypad.c
Invoking: AVR Compiler
avr-gcc -Wall -g2 -gstabs -O0 -fpack-struct -fshort-enums -ffunction-sections -fdata-sections -std=gnu99 -funsigned-char -funsigned-bitfields -mmcu=atmega16 -DF_CPU=1000000UL -MMD -MP -MF"keypad.d" -MT"keypad.d" -c -o "keypad.o" "../keypad.c"
In file included from ../micro_config.h:22,
                 from ../keypad.h:17,
                 from ../keypad.c:13:
c:/winavr-20100110/lib/gcc/../../avr/include/util/delay.h:90:3: warning: #warning "Compiler optimizations disabled; functions from <util/delay.h> won't work as designed"
Finished building: ../keypad.c
 
Building target: Exercise1.elf
Invoking: AVR C Linker
avr-gcc -Wl,-Map,Exercise1.map -mmcu=atmega16 -o "Exercise1.elf"  ./Exercise1.o ./keypad.o   
Finished building target: Exercise1.elf
 
Invoking: AVR Create Extended Listing
avr-objdump -h -S Exercise1.elf  >"Exercise1.lss"
Finished building: Exercise1.lss
 
Invoking: Print Size
avr-size --format=avr --mcu=atmega16 Exercise1.elf
AVR Memory Usage
----------------
Device: atmega16

Program:     680 bytes (4.2% Full)
(.text + .data + .bootloader)

Data:          0 bytes (0.0% Full)
(.data + .bss + .noinit)


Finished building: sizedummy
 
15:40:48 **** Build of configuration Debug for project Exercise2 ****
make all 
Building file: ../Exercise2.c
Invoking: AVR Compiler
avr-gcc -Wall -g2 -gstabs -O0 -fpack-struct -fshort-enums -ffunction-sections -fdata-sections -std=gnu99 -funsigned-char -funsigned-bitfields -mmcu=atmega16 -DF_CPU=1000000UL -MMD -MP -MF"Exercise2.d" -MT"Exercise2.d" -c -o "Exercise2.o" "../Exercise2.c"
In file included from ../micro_config.h:22,
                 from ../lcd.h:18,
                 from ../Exercise2.c:8:
c:/winavr-20100110/lib/gcc/../../avr/include/util/delay.h:90:3: warning: #warning "Compiler optimizations disabled; functions from <util/delay.h> won't work as designed"
Finished building: ../Exercise2.c
 
Building file: ../lcd.c
Invoking: AVR Compiler
avr-gcc -Wall -g2 -gstabs -O0 -fpack-struct -fshort-enums -ffunction-sections -fdata-sections -std=gnu99 -funsigned-char -funsigned-bitfields -mmcu=atmega16 -DF_CPU=1000000UL -MMD -MP -MF"lcd.d" -MT"lcd.d" -c -o "lcd.o" "../lcd.c"
In file included from ../micro_config.h:22,
                 from ../lcd.h:18,
                 from ../lcd.c:13:
c:/winavr-20100110/lib/gcc/../../avr/include/util/delay.h:90:3: warning: #warning "Compiler optimizations disabled; functions from <util/delay.h> won't work as designed"
../lcd.c: In function 'LCD_intgerToString':
../lcd.c:107: warning: implicit declaration of function 'itoa'
Finished building: ../lcd.c
 
Building target: Exercise2.elf
Invoking: AVR C Linker
avr-gcc -Wl,-Map,Exercise2.map -mmcu=atmega16 -o "Exercise2.elf"  ./Exercise2.o ./lcd.o   
Finished building target: Exercise2.elf
 
Invoking: AVR Create Extended Listing
avr-objdump -h -S Exercise2.elf  >"Exercise2.lss"
Finished building: Exercise2.lss
 
Invoking: Print Size
avr-size --format=avr --mcu=atmega16 Exercise2.elf
AVR Memory Usage
----------------
Device: atmega16

Program:    5934 bytes (36.2% Full)
(.text + .data + .bootloader)

Data:         56 bytes (5.5% Full)
(.data + .bss + .noinit)


Finished building: sizedummy
 
15:40:49 **** Build of configuration Debug for project Exercise3 ****
make all 
Invoking: Print Size
avr-size --format=avr --mcu=atmega16 Exercise3.elf
AVR Memory Usage
----------------
Device: atmega16

Program:    7830 bytes (47.8% Full)
(.text + .data + .bootloader)

Data:         40 bytes (3.9% Full)
(.data + .bss + .noinit)


Finished building: sizedummy
 
