11:54:16 **** Build of configuration Debug for project ADC_AnalogInput ****
make all 
'Building file: ../src/main.c'
'Invoking: AVR Compiler'
avr-gcc -Wall -g2 -gstabs -O0 -fpack-struct -fshort-enums -ffunction-sections -fdata-sections -std=gnu99 -funsigned-char -funsigned-bitfields -mmcu=atmega16 -DF_CPU=1000000UL -MMD -MP -MF"src/main.d" -MT"src/main.o" -c -o "src/main.o" "../src/main.c"
In file included from ../src/micro_config.h:10,
                 from ../src/adc.h:4,
                 from ../src/main.c:1:
d:/eclipse java/winavr-20100110/lib/gcc/../../avr/include/util/delay.h:90:3: warning: #warning "Compiler optimizations disabled; functions from <util/delay.h> won't work as designed"
'Finished building: ../src/main.c'
' '
'Building target: ADC_AnalogInput.elf'
'Invoking: AVR C Linker'
avr-gcc -Wl,-Map,ADC_AnalogInput.map -mmcu=atmega16 -o "ADC_AnalogInput.elf"  ./src/adc.o ./src/main.o   
'Finished building target: ADC_AnalogInput.elf'
' '
'Invoking: AVR Create Extended Listing'
avr-objdump -h -S ADC_AnalogInput.elf  >"ADC_AnalogInput.lss"
'Finished building: ADC_AnalogInput.lss'
' '
'Invoking: Print Size'
avr-size --format=avr --mcu=atmega16 ADC_AnalogInput.elf
AVR Memory Usage
----------------
Device: atmega16

Program:     278 bytes (1.7% Full)
(.text + .data + .bootloader)

Data:          0 bytes (0.0% Full)
(.data + .bss + .noinit)


'Finished building: sizedummy'
' '

11:54:22 Build Finished. 0 errors, 1 warnings. (took 6s.311ms)

