22:24:49 **** Incremental Build of configuration Debug for project CompareMode_Timer ****
make all 
'Building file: ../src/main.c'
'Invoking: AVR Compiler'
avr-gcc -Wall -g2 -gstabs -O0 -fpack-struct -fshort-enums -ffunction-sections -fdata-sections -std=gnu99 -funsigned-char -funsigned-bitfields -mmcu=atmega16 -DF_CPU=1000000UL -MMD -MP -MF"src/main.d" -MT"src/main.o" -c -o "src/main.o" "../src/main.c"
'Finished building: ../src/main.c'
' '
'Building target: CompareMode_Timer.elf'
'Invoking: AVR C Linker'
avr-gcc -Wl,-Map,CompareMode_Timer.map -mmcu=atmega16 -o "CompareMode_Timer.elf"  ./src/main.o   
'Finished building target: CompareMode_Timer.elf'
' '
'Invoking: AVR Create Extended Listing'
avr-objdump -h -S CompareMode_Timer.elf  >"CompareMode_Timer.lss"
'Finished building: CompareMode_Timer.lss'
' '
'Invoking: Print Size'
avr-size --format=avr --mcu=atmega16 CompareMode_Timer.elf
AVR Memory Usage
----------------
Device: atmega16

Program:     330 bytes (2.0% Full)
(.text + .data + .bootloader)

Data:          2 bytes (0.2% Full)
(.data + .bss + .noinit)


'Finished building: sizedummy'
' '

22:24:50 Build Finished. 0 errors, 0 warnings. (took 1s.290ms)

