09:30:55 **** Incremental Build of configuration Debug for project EE_T2 ****
make all 
'Building file: ../src/i2c.c'
'Invoking: AVR Compiler'
avr-gcc -Wall -g2 -gstabs -O0 -fpack-struct -fshort-enums -ffunction-sections -fdata-sections -std=gnu99 -funsigned-char -funsigned-bitfields -mmcu=atmega16 -DF_CPU=1000000UL -MMD -MP -MF"src/i2c.d" -MT"src/i2c.o" -c -o "src/i2c.o" "../src/i2c.c"
In file included from ../src/micro_config.h:10,
                 from ../src/i2c.h:5,
                 from ../src/i2c.c:1:
d:/eclipse java/winavr-20100110/lib/gcc/../../avr/include/util/delay.h:90:3: warning: #warning "Compiler optimizations disabled; functions from <util/delay.h> won't work as designed"
'Finished building: ../src/i2c.c'
' '
'Building target: EE_T2.elf'
'Invoking: AVR C Linker'
avr-gcc -Wl,-Map,EE_T2.map -mmcu=atmega16 -o "EE_T2.elf"  ./src/External_EEPROM.o ./src/i2c.o ./src/main.o   
'Finished building target: EE_T2.elf'
' '
'Invoking: AVR Create Extended Listing'
avr-objdump -h -S EE_T2.elf  >"EE_T2.lss"
'Finished building: EE_T2.lss'
' '
'Invoking: Print Size'
avr-size --format=avr --mcu=atmega16 EE_T2.elf
AVR Memory Usage
----------------
Device: atmega16

Program:    4116 bytes (25.1% Full)
(.text + .data + .bootloader)

Data:          8 bytes (0.8% Full)
(.data + .bss + .noinit)


'Finished building: sizedummy'
' '

09:30:56 Build Finished. 0 errors, 1 warnings. (took 1s.146ms)

