13:37:37 **** Incremental Build of configuration Debug for project Final_Project_Micro1 ****
make all 
'Building file: ../src/main.c'
'Invoking: AVR Compiler'
avr-gcc -Wall -g2 -gstabs -O0 -fpack-struct -fshort-enums -ffunction-sections -fdata-sections -std=gnu99 -funsigned-char -funsigned-bitfields -mmcu=atmega16 -DF_CPU=1000000UL -MMD -MP -MF"src/main.d" -MT"src/main.o" -c -o "src/main.o" "../src/main.c"
In file included from ../src/micro_config.h:10,
                 from ../src/uart.h:6,
                 from ../src/main.c:1:
d:/eclipse java/winavr-20100110/lib/gcc/../../avr/include/util/delay.h:90:3: warning: #warning "Compiler optimizations disabled; functions from <util/delay.h> won't work as designed"
../src/main.c: In function 'TempPrint':
../src/main.c:8: warning: pointer targets in passing argument 3 of 'LCD_displayStringRowColumn' differ in signedness
'Finished building: ../src/main.c'
' '
'Building target: Final_Project_Micro1.elf'
'Invoking: AVR C Linker'
avr-gcc -Wl,-Map,Final_Project_Micro1.map -mmcu=atmega16 -o "Final_Project_Micro1.elf"  ./src/keypad.o ./src/lcd.o ./src/main.o ./src/uart.o   
'Finished building target: Final_Project_Micro1.elf'
' '
'Invoking: AVR Create Extended Listing'
avr-objdump -h -S Final_Project_Micro1.elf  >"Final_Project_Micro1.lss"
'Finished building: Final_Project_Micro1.lss'
' '
'Invoking: Print Size'
avr-size --format=avr --mcu=atmega16 Final_Project_Micro1.elf
AVR Memory Usage
----------------
Device: atmega16

Program:   12692 bytes (77.5% Full)
(.text + .data + .bootloader)

Data:        100 bytes (9.8% Full)
(.data + .bss + .noinit)


'Finished building: sizedummy'
' '

13:37:38 Build Finished. 0 errors, 2 warnings. (took 1s.281ms)

