13:37:40 **** Incremental Build of configuration Debug for project Final_Project_Micro2 ****
make all 
'Building file: ../src/main.c'
'Invoking: AVR Compiler'
avr-gcc -Wall -g2 -gstabs -O0 -fpack-struct -fshort-enums -ffunction-sections -fdata-sections -std=gnu99 -funsigned-char -funsigned-bitfields -mmcu=atmega16 -DF_CPU=1000000UL -MMD -MP -MF"src/main.d" -MT"src/main.o" -c -o "src/main.o" "../src/main.c"
In file included from ../src/micro_config.h:10,
                 from ../src/adc.h:4,
                 from ../src/main.c:1:
d:/eclipse java/winavr-20100110/lib/gcc/../../avr/include/util/delay.h:90:3: warning: #warning "Compiler optimizations disabled; functions from <util/delay.h> won't work as designed"
../src/main.c: In function 'TempSend':
../src/main.c:15: warning: pointer targets in passing argument 2 of 'itoa' differ in signedness
../src/main.c: In function 'main':
../src/main.c:93: warning: pointer targets in passing argument 3 of 'LCD_displayStringRowColumn' differ in signedness
'Finished building: ../src/main.c'
' '
'Building file: ../src/uart.c'
'Invoking: AVR Compiler'
avr-gcc -Wall -g2 -gstabs -O0 -fpack-struct -fshort-enums -ffunction-sections -fdata-sections -std=gnu99 -funsigned-char -funsigned-bitfields -mmcu=atmega16 -DF_CPU=1000000UL -MMD -MP -MF"src/uart.d" -MT"src/uart.o" -c -o "src/uart.o" "../src/uart.c"
In file included from ../src/micro_config.h:10,
                 from ../src/uart.h:6,
                 from ../src/uart.c:1:
d:/eclipse java/winavr-20100110/lib/gcc/../../avr/include/util/delay.h:90:3: warning: #warning "Compiler optimizations disabled; functions from <util/delay.h> won't work as designed"
'Finished building: ../src/uart.c'
' '
'Building target: Final_Project_Micro2.elf'
'Invoking: AVR C Linker'
avr-gcc -Wl,-Map,Final_Project_Micro2.map -mmcu=atmega16 -o "Final_Project_Micro2.elf"  ./src/External_EEPROM.o ./src/adc.o ./src/i2c.o ./src/lcd.o ./src/main.o ./src/uart.o   
'Finished building target: Final_Project_Micro2.elf'
' '
'Invoking: AVR Create Extended Listing'
avr-objdump -h -S Final_Project_Micro2.elf  >"Final_Project_Micro2.lss"
'Finished building: Final_Project_Micro2.lss'
' '
'Invoking: Print Size'
avr-size --format=avr --mcu=atmega16 Final_Project_Micro2.elf
AVR Memory Usage
----------------
Device: atmega16

Program:   16092 bytes (98.2% Full)
(.text + .data + .bootloader)

Data:        264 bytes (25.8% Full)
(.data + .bss + .noinit)


'Finished building: sizedummy'
' '

13:37:42 Build Finished. 0 errors, 4 warnings. (took 1s.581ms)

