10:30:15 **** Incremental Build of configuration Debug for project Final_Project ****
make all 
'Building file: ../src/External_EEPROM.c'
'Invoking: AVR Compiler'
avr-gcc -Wall -g2 -gstabs -O0 -fpack-struct -fshort-enums -ffunction-sections -fdata-sections -std=gnu99 -funsigned-char -funsigned-bitfields -mmcu=atmega16 -DF_CPU=1000000UL -MMD -MP -MF"src/External_EEPROM.d" -MT"src/External_EEPROM.o" -c -o "src/External_EEPROM.o" "../src/External_EEPROM.c"
In file included from ../src/micro_config.h:10,
                 from ../src/External_EEPROM.h:5,
                 from ../src/External_EEPROM.c:1:
d:/eclipse java/winavr-20100110/lib/gcc/../../avr/include/util/delay.h:90:3: warning: #warning "Compiler optimizations disabled; functions from <util/delay.h> won't work as designed"
'Finished building: ../src/External_EEPROM.c'
' '
'Building file: ../src/main.c'
'Invoking: AVR Compiler'
avr-gcc -Wall -g2 -gstabs -O0 -fpack-struct -fshort-enums -ffunction-sections -fdata-sections -std=gnu99 -funsigned-char -funsigned-bitfields -mmcu=atmega16 -DF_CPU=1000000UL -MMD -MP -MF"src/main.d" -MT"src/main.o" -c -o "src/main.o" "../src/main.c"
In file included from ../src/micro_config.h:10,
                 from ../src/main.c:6:
d:/eclipse java/winavr-20100110/lib/gcc/../../avr/include/util/delay.h:90:3: warning: #warning "Compiler optimizations disabled; functions from <util/delay.h> won't work as designed"
'Finished building: ../src/main.c'
' '
'Building target: Final_Project.elf'
'Invoking: AVR C Linker'
avr-gcc -Wl,-Map,Final_Project.map -mmcu=atmega16 -o "Final_Project.elf"  ./src/External_EEPROM.o ./src/i2c.o ./src/main.o   
'Finished building target: Final_Project.elf'
' '
'Invoking: AVR Create Extended Listing'
avr-objdump -h -S Final_Project.elf  >"Final_Project.lss"
'Finished building: Final_Project.lss'
' '
'Invoking: Print Size'
avr-size --format=avr --mcu=atmega16 Final_Project.elf
AVR Memory Usage
----------------
Device: atmega16

Program:    3886 bytes (23.7% Full)
(.text + .data + .bootloader)

Data:          8 bytes (0.8% Full)
(.data + .bss + .noinit)


'Finished building: sizedummy'
' '

10:30:17 Build Finished. 0 errors, 2 warnings. (took 1s.551ms)

