22:21:11 **** Incremental Build of configuration Debug for project I2C_Library ****
make all 
'Building file: ../src/main.c'
'Invoking: AVR Compiler'
avr-gcc -Wall -g2 -gstabs -O0 -fpack-struct -fshort-enums -ffunction-sections -fdata-sections -std=gnu99 -funsigned-char -funsigned-bitfields -mmcu=atmega16 -DF_CPU=1000000UL -MMD -MP -MF"src/main.d" -MT"src/main.o" -c -o "src/main.o" "../src/main.c"
'Finished building: ../src/main.c'
' '
'Building target: I2C_Library.elf'
'Invoking: AVR C Linker'
avr-gcc -Wl,-Map,I2C_Library.map -mmcu=atmega16 -o "I2C_Library.elf"  ./src/i2c.o ./src/main.o   
'Finished building target: I2C_Library.elf'
' '
'Invoking: AVR Create Extended Listing'
avr-objdump -h -S I2C_Library.elf  >"I2C_Library.lss"
'Finished building: I2C_Library.lss'
' '
'Invoking: Print Size'
avr-size --format=avr --mcu=atmega16 I2C_Library.elf
AVR Memory Usage
----------------
Device: atmega16

Program:     384 bytes (2.3% Full)
(.text + .data + .bootloader)

Data:          0 bytes (0.0% Full)
(.data + .bss + .noinit)


'Finished building: sizedummy'
' '

22:21:12 Build Finished. 0 errors, 0 warnings. (took 1s.86ms)

