00:58:37 **** Incremental Build of configuration Debug for project My_EEPROM_I2C ****
make all 
'Building file: ../src/External_EEPROM.c'
'Invoking: AVR Compiler'
avr-gcc -Wall -g2 -gstabs -O0 -fpack-struct -fshort-enums -ffunction-sections -fdata-sections -std=gnu99 -funsigned-char -funsigned-bitfields -mmcu=atmega16 -DF_CPU=1000000UL -MMD -MP -MF"src/External_EEPROM.d" -MT"src/External_EEPROM.o" -c -o "src/External_EEPROM.o" "../src/External_EEPROM.c"
In file included from ../src/micro_config.h:10,
                 from ../src/External_EEPROM.h:5,
                 from ../src/External_EEPROM.c:1:
d:/eclipse java/winavr-20100110/lib/gcc/../../avr/include/util/delay.h:90:3: warning: #warning "Compiler optimizations disabled; functions from <util/delay.h> won't work as designed"
'Finished building: ../src/External_EEPROM.c'
' '
'Building file: ../src/i2c.c'
'Invoking: AVR Compiler'
avr-gcc -Wall -g2 -gstabs -O0 -fpack-struct -fshort-enums -ffunction-sections -fdata-sections -std=gnu99 -funsigned-char -funsigned-bitfields -mmcu=atmega16 -DF_CPU=1000000UL -MMD -MP -MF"src/i2c.d" -MT"src/i2c.o" -c -o "src/i2c.o" "../src/i2c.c"
In file included from ../src/micro_config.h:10,
                 from ../src/i2c.h:5,
                 from ../src/i2c.c:1:
d:/eclipse java/winavr-20100110/lib/gcc/../../avr/include/util/delay.h:90:3: warning: #warning "Compiler optimizations disabled; functions from <util/delay.h> won't work as designed"
'Finished building: ../src/i2c.c'
' '
'Building file: ../src/main.c'
'Invoking: AVR Compiler'
avr-gcc -Wall -g2 -gstabs -O0 -fpack-struct -fshort-enums -ffunction-sections -fdata-sections -std=gnu99 -funsigned-char -funsigned-bitfields -mmcu=atmega16 -DF_CPU=1000000UL -MMD -MP -MF"src/main.d" -MT"src/main.o" -c -o "src/main.o" "../src/main.c"
In file included from ../src/micro_config.h:10,
                 from ../src/i2c.h:5,
                 from ../src/main.c:1:
d:/eclipse java/winavr-20100110/lib/gcc/../../avr/include/util/delay.h:90:3: warning: #warning "Compiler optimizations disabled; functions from <util/delay.h> won't work as designed"
'Finished building: ../src/main.c'
' '
'Building target: My_EEPROM_I2C.elf'
'Invoking: AVR C Linker'
avr-gcc -Wl,-Map,My_EEPROM_I2C.map -mmcu=atmega16 -o "My_EEPROM_I2C.elf"  ./src/External_EEPROM.o ./src/i2c.o ./src/main.o   
'Finished building target: My_EEPROM_I2C.elf'
' '
'Invoking: AVR Create Extended Listing'
avr-objdump -h -S My_EEPROM_I2C.elf  >"My_EEPROM_I2C.lss"
'Finished building: My_EEPROM_I2C.lss'
' '
'Invoking: Print Size'
avr-size --format=avr --mcu=atmega16 My_EEPROM_I2C.elf
AVR Memory Usage
----------------
Device: atmega16

Program:     720 bytes (4.4% Full)
(.text + .data + .bootloader)

Data:          0 bytes (0.0% Full)
(.data + .bss + .noinit)


'Finished building: sizedummy'
' '

00:58:39 Build Finished. 0 errors, 3 warnings. (took 1s.995ms)

