00:02:05 **** Incremental Build of configuration Debug for project Temp_Sensor_Example ****
make all 
'Building file: ../temp_sensor.c'
'Invoking: AVR Compiler'
avr-gcc -Wall -g2 -gstabs -O0 -fpack-struct -fshort-enums -ffunction-sections -fdata-sections -std=gnu99 -funsigned-char -funsigned-bitfields -mmcu=atmega16 -DF_CPU=1000000UL -MMD -MP -MF"temp_sensor.d" -MT"temp_sensor.o" -c -o "temp_sensor.o" "../temp_sensor.c"
In file included from ../micro_config.h:22,
                 from ../adc.h:16,
                 from ../temp_sensor.c:8:
d:/eclipse java/winavr-20100110/lib/gcc/../../avr/include/util/delay.h:90:3: warning: #warning "Compiler optimizations disabled; functions from <util/delay.h> won't work as designed"
'Finished building: ../temp_sensor.c'
' '
'Building target: Temp_Sensor_Example.elf'
'Invoking: AVR C Linker'
avr-gcc -Wl,-Map,Temp_Sensor_Example.map -mmcu=atmega16 -o "Temp_Sensor_Example.elf"  ./adc.o ./lcd.o ./temp_sensor.o   
'Finished building target: Temp_Sensor_Example.elf'
' '
'Invoking: AVR Create Extended Listing'
avr-objdump -h -S Temp_Sensor_Example.elf  >"Temp_Sensor_Example.lss"
'Finished building: Temp_Sensor_Example.lss'
' '
'Invoking: Print Size'
avr-size --format=avr --mcu=atmega16 Temp_Sensor_Example.elf
AVR Memory Usage
----------------
Device: atmega16

Program:    6942 bytes (42.4% Full)
(.text + .data + .bootloader)

Data:        272 bytes (26.6% Full)
(.data + .bss + .noinit)


'Finished building: sizedummy'
' '

00:02:06 Build Finished. 0 errors, 1 warnings. (took 1s.258ms)

